[2021-07-28 16:39:39][b51b8751-d402-4148-a912-f332279c9221] Processing: App\Jobs\SendEmailJob
[2021-07-28 16:39:44][b51b8751-d402-4148-a912-f332279c9221] Processed:  App\Jobs\SendEmailJob
[2021-07-28 16:49:27][97f904ed-7ff7-4c4f-8a34-aac26bd45692] Processing: App\Jobs\SendEmailJob
[2021-07-28 16:49:34][97f904ed-7ff7-4c4f-8a34-aac26bd45692] Processed:  App\Jobs\SendEmailJob
[2021-07-28 17:44:08][bfa00d91-6126-4279-8aeb-ae72443e52be] Processing: App\Jobs\CsvProcess
[2021-07-28 17:44:08][bfa00d91-6126-4279-8aeb-ae72443e52be] Processed:  App\Jobs\CsvProcess
[2021-07-28 17:59:56][21b66c6a-7683-424d-9fc6-eb2dec00e177] Processing: App\Jobs\CsvProcess
"csv//MOCK_DATA.csv"
[2021-07-28 18:00:39][e2582deb-0d4d-40b6-bc07-e28703a438f8] Processing: App\Jobs\CsvProcess
[2021-07-28 18:00:39][e2582deb-0d4d-40b6-bc07-e28703a438f8] Processed:  App\Jobs\CsvProcess
[2021-07-28 18:02:27][05a5ec82-19d8-444d-a6f6-7fff63d4469d] Processing: App\Jobs\CsvProcess
[2021-07-28 18:02:27][05a5ec82-19d8-444d-a6f6-7fff63d4469d] Processed:  App\Jobs\CsvProcess
[2021-07-28 18:02:37][e89bbfdf-3f8c-4d57-9244-2c1fdd10293e] Processing: App\Jobs\CsvProcess
[2021-07-28 18:02:37][e89bbfdf-3f8c-4d57-9244-2c1fdd10293e] Processed:  App\Jobs\CsvProcess
[2021-07-28 18:03:52][2e257f03-4771-4eb7-9b1e-5e698484069b] Processing: App\Jobs\CsvProcess
[2021-07-28 18:03:52][2e257f03-4771-4eb7-9b1e-5e698484069b] Processed:  App\Jobs\CsvProcess
[2021-07-28 18:04:30][c6e4fd8b-98ce-4a60-a348-a0bce03aa5f5] Processing: App\Jobs\CsvProcess
[2021-07-28 18:04:30][c6e4fd8b-98ce-4a60-a348-a0bce03aa5f5] Processed:  App\Jobs\CsvProcess
[2021-07-28 18:06:24][7f3e0ccf-0ce0-4de4-90bb-1f2ba9712939] Processing: App\Jobs\CsvProcess
[2021-07-28 18:06:24][7f3e0ccf-0ce0-4de4-90bb-1f2ba9712939] Processed:  App\Jobs\CsvProcess
[2021-07-28 18:07:25][43c7b378-1514-412e-a206-0e695d0de86f] Processing: App\Jobs\CsvProcess
[2021-07-28 18:07:25][43c7b378-1514-412e-a206-0e695d0de86f] Processed:  App\Jobs\CsvProcess
[2021-07-28 18:07:39][62c354a1-06c6-42ff-a049-0fac0978e8ab] Processing: App\Jobs\CsvProcess
[2021-07-28 18:07:39][62c354a1-06c6-42ff-a049-0fac0978e8ab] Processing: App\Jobs\CsvProcess
[2021-07-28 18:07:39][62c354a1-06c6-42ff-a049-0fac0978e8ab] Processing: App\Jobs\CsvProcess
[2021-07-28 18:07:39][62c354a1-06c6-42ff-a049-0fac0978e8ab] Failed:     App\Jobs\CsvProcess
[2021-07-28 18:10:20][ff4ba8ef-bbe0-46eb-b6e3-498f817be773] Processing: App\Jobs\CsvProcess
[2021-07-28 18:10:20][ff4ba8ef-bbe0-46eb-b6e3-498f817be773] Processed:  App\Jobs\CsvProcess
[2021-07-28 18:11:39][2ed4bbd6-25e2-4c55-86dd-647d87d7fd69] Processing: App\Jobs\CsvProcess
[2021-07-28 18:11:39][2ed4bbd6-25e2-4c55-86dd-647d87d7fd69] Processing: App\Jobs\CsvProcess
[2021-07-28 18:11:39][2ed4bbd6-25e2-4c55-86dd-647d87d7fd69] Processing: App\Jobs\CsvProcess
[2021-07-28 18:11:39][2ed4bbd6-25e2-4c55-86dd-647d87d7fd69] Failed:     App\Jobs\CsvProcess
[2021-07-28 18:12:11][d8ca5afd-8d5e-45bb-8a6b-0823fe2e7225] Processing: App\Jobs\CsvProcess
[2021-07-28 18:12:11][d8ca5afd-8d5e-45bb-8a6b-0823fe2e7225] Processed:  App\Jobs\CsvProcess
[2021-07-28 18:13:24][b77cb839-eef4-40c2-b734-5218307a530a] Processing: App\Jobs\CsvProcess
[2021-07-28 18:13:24][b77cb839-eef4-40c2-b734-5218307a530a] Processed:  App\Jobs\CsvProcess
[2021-07-28 18:14:50][ccda204c-c81b-4293-8bac-c10a0f308e1d] Processing: App\Jobs\CsvProcess
[2021-07-28 18:14:50][ccda204c-c81b-4293-8bac-c10a0f308e1d] Processed:  App\Jobs\CsvProcess
[2021-07-28 18:50:40][2de2f01e-cbb0-449c-ae4a-924fad9bbd72] Processing: App\Jobs\CsvProcess
[2021-07-28 18:50:45][2de2f01e-cbb0-449c-ae4a-924fad9bbd72] Processed:  App\Jobs\CsvProcess
[2021-07-28 18:52:05][55f3e107-103e-4054-9441-0973042cc0ee] Processing: App\Jobs\CsvProcess
[2021-07-28 18:52:05][55f3e107-103e-4054-9441-0973042cc0ee] Processing: App\Jobs\CsvProcess
[2021-07-28 18:52:05][55f3e107-103e-4054-9441-0973042cc0ee] Processing: App\Jobs\CsvProcess
[2021-07-28 18:52:05][55f3e107-103e-4054-9441-0973042cc0ee] Failed:     App\Jobs\CsvProcess
[2021-07-28 19:15:28][9f804abc-9d99-4baa-bbc1-dd3e69f25891] Processing: App\Jobs\CsvProcess
[2021-07-28 19:15:33][9f804abc-9d99-4baa-bbc1-dd3e69f25891] Processed:  App\Jobs\CsvProcess
[2021-07-28 19:19:40][eb63c2b4-a0ed-4559-9f17-2f6359d3b5bc] Processing: App\Jobs\CsvProcess
[2021-07-28 19:19:40][eb63c2b4-a0ed-4559-9f17-2f6359d3b5bc] Processing: App\Jobs\CsvProcess
[2021-07-28 19:19:40][eb63c2b4-a0ed-4559-9f17-2f6359d3b5bc] Processing: App\Jobs\CsvProcess
[2021-07-28 19:19:40][eb63c2b4-a0ed-4559-9f17-2f6359d3b5bc] Failed:     App\Jobs\CsvProcess
[2021-07-28 19:20:49][1e01442c-ebe1-4bef-9cfa-80aca89f5f42] Processing: App\Jobs\CsvProcess
[2021-07-28 19:20:49][1e01442c-ebe1-4bef-9cfa-80aca89f5f42] Processing: App\Jobs\CsvProcess
[2021-07-28 19:20:50][1e01442c-ebe1-4bef-9cfa-80aca89f5f42] Processing: App\Jobs\CsvProcess
[2021-07-28 19:20:50][1e01442c-ebe1-4bef-9cfa-80aca89f5f42] Failed:     App\Jobs\CsvProcess
[2021-07-28 19:22:00][3e0b30d3-e96a-4f93-9edf-14d8d73fb586] Processing: App\Jobs\CsvProcess
[2021-07-28 19:22:00][3e0b30d3-e96a-4f93-9edf-14d8d73fb586] Processing: App\Jobs\CsvProcess
[2021-07-28 19:22:00][3e0b30d3-e96a-4f93-9edf-14d8d73fb586] Processing: App\Jobs\CsvProcess
[2021-07-28 19:22:00][3e0b30d3-e96a-4f93-9edf-14d8d73fb586] Failed:     App\Jobs\CsvProcess
[2021-07-28 19:22:32][90d7a24e-29d9-4591-9418-826ea891d785] Processing: App\Jobs\CsvProcess
[2021-07-28 19:22:32][90d7a24e-29d9-4591-9418-826ea891d785] Processing: App\Jobs\CsvProcess
[2021-07-28 19:22:32][90d7a24e-29d9-4591-9418-826ea891d785] Processing: App\Jobs\CsvProcess
[2021-07-28 19:22:32][90d7a24e-29d9-4591-9418-826ea891d785] Failed:     App\Jobs\CsvProcess
[2021-07-28 19:22:40][0330a95f-de20-4ff9-afa6-d34cca4fb447] Processing: App\Jobs\SendEmailJob
[2021-07-28 19:22:46][0330a95f-de20-4ff9-afa6-d34cca4fb447] Processed:  App\Jobs\SendEmailJob
[2021-07-28 19:23:52][17d6e579-243e-4e57-ad6f-c0964565c1c3] Processing: App\Jobs\SendEmailJob
[2021-07-28 19:23:57][17d6e579-243e-4e57-ad6f-c0964565c1c3] Processed:  App\Jobs\SendEmailJob
[2021-07-28 19:24:33][ba055dac-88f6-4234-8a55-b828a50b4ba3] Processing: App\Jobs\CsvProcess
[2021-07-28 19:24:38][ba055dac-88f6-4234-8a55-b828a50b4ba3] Processed:  App\Jobs\CsvProcess
[2021-07-28 19:28:57][743f9159-dde5-4cfe-94f6-9bb8ee16c594] Processing: App\Jobs\CsvProcess
[2021-07-28 19:29:02][743f9159-dde5-4cfe-94f6-9bb8ee16c594] Processed:  App\Jobs\CsvProcess
[2021-07-28 19:32:27][2dad3d87-c0c4-4c03-b1fe-2807a701f7e1] Processing: App\Jobs\CsvProcess
[2021-07-28 19:32:27][2dad3d87-c0c4-4c03-b1fe-2807a701f7e1] Processing: App\Jobs\CsvProcess
[2021-07-28 19:32:27][2dad3d87-c0c4-4c03-b1fe-2807a701f7e1] Processing: App\Jobs\CsvProcess
[2021-07-28 19:32:27][2dad3d87-c0c4-4c03-b1fe-2807a701f7e1] Failed:     App\Jobs\CsvProcess
[2021-07-28 19:33:54][418669e6-ac13-477f-ae5a-a3d0fe0bccde] Processing: App\Jobs\CsvProcess
[2021-07-28 19:33:58][418669e6-ac13-477f-ae5a-a3d0fe0bccde] Processed:  App\Jobs\CsvProcess
